[2024-01-23T18:16:55.797+0000] {processor.py:161} INFO - Started process (PID=168) to work on /opt/airflow/dags/du_mssql.py
[2024-01-23T18:16:55.799+0000] {processor.py:830} INFO - Processing file /opt/airflow/dags/du_mssql.py for tasks to queue
[2024-01-23T18:16:55.801+0000] {logging_mixin.py:188} INFO - [2024-01-23T18:16:55.801+0000] {dagbag.py:538} INFO - Filling up the DagBag from /opt/airflow/dags/du_mssql.py
[2024-01-23T18:16:55.821+0000] {logging_mixin.py:188} INFO - [2024-01-23T18:16:55.819+0000] {dagbag.py:348} ERROR - Failed to import: /opt/airflow/dags/du_mssql.py
Traceback (most recent call last):
  File "/home/airflow/.local/lib/python3.8/site-packages/airflow/models/dagbag.py", line 344, in parse
    loader.exec_module(new_module)
  File "<frozen importlib._bootstrap_external>", line 843, in exec_module
  File "<frozen importlib._bootstrap>", line 219, in _call_with_frames_removed
  File "/opt/airflow/dags/du_mssql.py", line 7, in <module>
    import duckdb
ModuleNotFoundError: No module named 'duckdb'
[2024-01-23T18:16:55.823+0000] {processor.py:842} WARNING - No viable dags retrieved from /opt/airflow/dags/du_mssql.py
[2024-01-23T18:16:55.853+0000] {processor.py:183} INFO - Processing /opt/airflow/dags/du_mssql.py took 0.061 seconds
[2024-01-23T18:17:26.219+0000] {processor.py:161} INFO - Started process (PID=198) to work on /opt/airflow/dags/du_mssql.py
[2024-01-23T18:17:26.221+0000] {processor.py:830} INFO - Processing file /opt/airflow/dags/du_mssql.py for tasks to queue
[2024-01-23T18:17:26.222+0000] {logging_mixin.py:188} INFO - [2024-01-23T18:17:26.222+0000] {dagbag.py:538} INFO - Filling up the DagBag from /opt/airflow/dags/du_mssql.py
[2024-01-23T18:17:26.238+0000] {logging_mixin.py:188} INFO - [2024-01-23T18:17:26.235+0000] {dagbag.py:348} ERROR - Failed to import: /opt/airflow/dags/du_mssql.py
Traceback (most recent call last):
  File "/home/airflow/.local/lib/python3.8/site-packages/airflow/models/dagbag.py", line 344, in parse
    loader.exec_module(new_module)
  File "<frozen importlib._bootstrap_external>", line 843, in exec_module
  File "<frozen importlib._bootstrap>", line 219, in _call_with_frames_removed
  File "/opt/airflow/dags/du_mssql.py", line 7, in <module>
    import duckdb
ModuleNotFoundError: No module named 'duckdb'
[2024-01-23T18:17:26.241+0000] {processor.py:842} WARNING - No viable dags retrieved from /opt/airflow/dags/du_mssql.py
[2024-01-23T18:17:26.269+0000] {processor.py:183} INFO - Processing /opt/airflow/dags/du_mssql.py took 0.055 seconds
[2024-01-23T18:17:57.170+0000] {processor.py:161} INFO - Started process (PID=236) to work on /opt/airflow/dags/du_mssql.py
[2024-01-23T18:17:57.172+0000] {processor.py:830} INFO - Processing file /opt/airflow/dags/du_mssql.py for tasks to queue
[2024-01-23T18:17:57.174+0000] {logging_mixin.py:188} INFO - [2024-01-23T18:17:57.174+0000] {dagbag.py:538} INFO - Filling up the DagBag from /opt/airflow/dags/du_mssql.py
[2024-01-23T18:17:57.194+0000] {logging_mixin.py:188} INFO - [2024-01-23T18:17:57.189+0000] {dagbag.py:348} ERROR - Failed to import: /opt/airflow/dags/du_mssql.py
Traceback (most recent call last):
  File "/home/airflow/.local/lib/python3.8/site-packages/airflow/models/dagbag.py", line 344, in parse
    loader.exec_module(new_module)
  File "<frozen importlib._bootstrap_external>", line 843, in exec_module
  File "<frozen importlib._bootstrap>", line 219, in _call_with_frames_removed
  File "/opt/airflow/dags/du_mssql.py", line 7, in <module>
    import duckdb
ModuleNotFoundError: No module named 'duckdb'
[2024-01-23T18:17:57.197+0000] {processor.py:842} WARNING - No viable dags retrieved from /opt/airflow/dags/du_mssql.py
[2024-01-23T18:17:57.238+0000] {processor.py:183} INFO - Processing /opt/airflow/dags/du_mssql.py took 0.074 seconds
[2024-01-23T18:18:27.836+0000] {processor.py:161} INFO - Started process (PID=267) to work on /opt/airflow/dags/du_mssql.py
[2024-01-23T18:18:27.843+0000] {processor.py:830} INFO - Processing file /opt/airflow/dags/du_mssql.py for tasks to queue
[2024-01-23T18:18:27.849+0000] {logging_mixin.py:188} INFO - [2024-01-23T18:18:27.848+0000] {dagbag.py:538} INFO - Filling up the DagBag from /opt/airflow/dags/du_mssql.py
[2024-01-23T18:18:27.876+0000] {logging_mixin.py:188} INFO - [2024-01-23T18:18:27.870+0000] {dagbag.py:348} ERROR - Failed to import: /opt/airflow/dags/du_mssql.py
Traceback (most recent call last):
  File "/home/airflow/.local/lib/python3.8/site-packages/airflow/models/dagbag.py", line 344, in parse
    loader.exec_module(new_module)
  File "<frozen importlib._bootstrap_external>", line 843, in exec_module
  File "<frozen importlib._bootstrap>", line 219, in _call_with_frames_removed
  File "/opt/airflow/dags/du_mssql.py", line 7, in <module>
    import duckdb
ModuleNotFoundError: No module named 'duckdb'
[2024-01-23T18:18:27.879+0000] {processor.py:842} WARNING - No viable dags retrieved from /opt/airflow/dags/du_mssql.py
[2024-01-23T18:18:27.939+0000] {processor.py:183} INFO - Processing /opt/airflow/dags/du_mssql.py took 0.111 seconds
[2024-01-23T18:18:58.059+0000] {processor.py:161} INFO - Started process (PID=298) to work on /opt/airflow/dags/du_mssql.py
[2024-01-23T18:18:58.062+0000] {processor.py:830} INFO - Processing file /opt/airflow/dags/du_mssql.py for tasks to queue
[2024-01-23T18:18:58.066+0000] {logging_mixin.py:188} INFO - [2024-01-23T18:18:58.065+0000] {dagbag.py:538} INFO - Filling up the DagBag from /opt/airflow/dags/du_mssql.py
[2024-01-23T18:18:58.079+0000] {logging_mixin.py:188} INFO - [2024-01-23T18:18:58.076+0000] {dagbag.py:348} ERROR - Failed to import: /opt/airflow/dags/du_mssql.py
Traceback (most recent call last):
  File "/home/airflow/.local/lib/python3.8/site-packages/airflow/models/dagbag.py", line 344, in parse
    loader.exec_module(new_module)
  File "<frozen importlib._bootstrap_external>", line 843, in exec_module
  File "<frozen importlib._bootstrap>", line 219, in _call_with_frames_removed
  File "/opt/airflow/dags/du_mssql.py", line 7, in <module>
    import duckdb
ModuleNotFoundError: No module named 'duckdb'
[2024-01-23T18:18:58.081+0000] {processor.py:842} WARNING - No viable dags retrieved from /opt/airflow/dags/du_mssql.py
[2024-01-23T18:18:58.115+0000] {processor.py:183} INFO - Processing /opt/airflow/dags/du_mssql.py took 0.062 seconds
[2024-01-23T18:20:56.583+0000] {processor.py:161} INFO - Started process (PID=174) to work on /opt/airflow/dags/du_mssql.py
[2024-01-23T18:20:56.586+0000] {processor.py:830} INFO - Processing file /opt/airflow/dags/du_mssql.py for tasks to queue
[2024-01-23T18:20:56.588+0000] {logging_mixin.py:188} INFO - [2024-01-23T18:20:56.588+0000] {dagbag.py:538} INFO - Filling up the DagBag from /opt/airflow/dags/du_mssql.py
[2024-01-23T18:20:56.600+0000] {logging_mixin.py:188} INFO - [2024-01-23T18:20:56.597+0000] {dagbag.py:348} ERROR - Failed to import: /opt/airflow/dags/du_mssql.py
Traceback (most recent call last):
  File "/home/airflow/.local/lib/python3.8/site-packages/airflow/models/dagbag.py", line 344, in parse
    loader.exec_module(new_module)
  File "<frozen importlib._bootstrap_external>", line 843, in exec_module
  File "<frozen importlib._bootstrap>", line 219, in _call_with_frames_removed
  File "/opt/airflow/dags/du_mssql.py", line 7, in <module>
    import duckdb
ModuleNotFoundError: No module named 'duckdb'
[2024-01-23T18:20:56.602+0000] {processor.py:842} WARNING - No viable dags retrieved from /opt/airflow/dags/du_mssql.py
[2024-01-23T18:20:56.633+0000] {processor.py:183} INFO - Processing /opt/airflow/dags/du_mssql.py took 0.055 seconds
[2024-01-23T18:21:26.766+0000] {processor.py:161} INFO - Started process (PID=205) to work on /opt/airflow/dags/du_mssql.py
[2024-01-23T18:21:26.768+0000] {processor.py:830} INFO - Processing file /opt/airflow/dags/du_mssql.py for tasks to queue
[2024-01-23T18:21:26.770+0000] {logging_mixin.py:188} INFO - [2024-01-23T18:21:26.769+0000] {dagbag.py:538} INFO - Filling up the DagBag from /opt/airflow/dags/du_mssql.py
[2024-01-23T18:21:26.780+0000] {logging_mixin.py:188} INFO - [2024-01-23T18:21:26.778+0000] {dagbag.py:348} ERROR - Failed to import: /opt/airflow/dags/du_mssql.py
Traceback (most recent call last):
  File "/home/airflow/.local/lib/python3.8/site-packages/airflow/models/dagbag.py", line 344, in parse
    loader.exec_module(new_module)
  File "<frozen importlib._bootstrap_external>", line 843, in exec_module
  File "<frozen importlib._bootstrap>", line 219, in _call_with_frames_removed
  File "/opt/airflow/dags/du_mssql.py", line 7, in <module>
    import duckdb
ModuleNotFoundError: No module named 'duckdb'
[2024-01-23T18:21:26.783+0000] {processor.py:842} WARNING - No viable dags retrieved from /opt/airflow/dags/du_mssql.py
[2024-01-23T18:21:26.816+0000] {processor.py:183} INFO - Processing /opt/airflow/dags/du_mssql.py took 0.056 seconds
[2024-01-23T18:21:57.556+0000] {processor.py:161} INFO - Started process (PID=236) to work on /opt/airflow/dags/du_mssql.py
[2024-01-23T18:21:57.558+0000] {processor.py:830} INFO - Processing file /opt/airflow/dags/du_mssql.py for tasks to queue
[2024-01-23T18:21:57.564+0000] {logging_mixin.py:188} INFO - [2024-01-23T18:21:57.559+0000] {dagbag.py:538} INFO - Filling up the DagBag from /opt/airflow/dags/du_mssql.py
[2024-01-23T18:21:57.575+0000] {logging_mixin.py:188} INFO - [2024-01-23T18:21:57.573+0000] {dagbag.py:348} ERROR - Failed to import: /opt/airflow/dags/du_mssql.py
Traceback (most recent call last):
  File "/home/airflow/.local/lib/python3.8/site-packages/airflow/models/dagbag.py", line 344, in parse
    loader.exec_module(new_module)
  File "<frozen importlib._bootstrap_external>", line 843, in exec_module
  File "<frozen importlib._bootstrap>", line 219, in _call_with_frames_removed
  File "/opt/airflow/dags/du_mssql.py", line 7, in <module>
    import duckdb
ModuleNotFoundError: No module named 'duckdb'
[2024-01-23T18:21:57.577+0000] {processor.py:842} WARNING - No viable dags retrieved from /opt/airflow/dags/du_mssql.py
[2024-01-23T18:21:57.611+0000] {processor.py:183} INFO - Processing /opt/airflow/dags/du_mssql.py took 0.064 seconds
[2024-01-23T18:22:28.214+0000] {processor.py:161} INFO - Started process (PID=267) to work on /opt/airflow/dags/du_mssql.py
[2024-01-23T18:22:28.216+0000] {processor.py:830} INFO - Processing file /opt/airflow/dags/du_mssql.py for tasks to queue
[2024-01-23T18:22:28.218+0000] {logging_mixin.py:188} INFO - [2024-01-23T18:22:28.217+0000] {dagbag.py:538} INFO - Filling up the DagBag from /opt/airflow/dags/du_mssql.py
[2024-01-23T18:22:28.228+0000] {logging_mixin.py:188} INFO - [2024-01-23T18:22:28.225+0000] {dagbag.py:348} ERROR - Failed to import: /opt/airflow/dags/du_mssql.py
Traceback (most recent call last):
  File "/home/airflow/.local/lib/python3.8/site-packages/airflow/models/dagbag.py", line 344, in parse
    loader.exec_module(new_module)
  File "<frozen importlib._bootstrap_external>", line 843, in exec_module
  File "<frozen importlib._bootstrap>", line 219, in _call_with_frames_removed
  File "/opt/airflow/dags/du_mssql.py", line 7, in <module>
    import duckdb
ModuleNotFoundError: No module named 'duckdb'
[2024-01-23T18:22:28.229+0000] {processor.py:842} WARNING - No viable dags retrieved from /opt/airflow/dags/du_mssql.py
[2024-01-23T18:22:28.258+0000] {processor.py:183} INFO - Processing /opt/airflow/dags/du_mssql.py took 0.048 seconds
[2024-01-23T18:22:58.803+0000] {processor.py:161} INFO - Started process (PID=298) to work on /opt/airflow/dags/du_mssql.py
[2024-01-23T18:22:58.805+0000] {processor.py:830} INFO - Processing file /opt/airflow/dags/du_mssql.py for tasks to queue
[2024-01-23T18:22:58.807+0000] {logging_mixin.py:188} INFO - [2024-01-23T18:22:58.807+0000] {dagbag.py:538} INFO - Filling up the DagBag from /opt/airflow/dags/du_mssql.py
[2024-01-23T18:22:58.818+0000] {logging_mixin.py:188} INFO - [2024-01-23T18:22:58.815+0000] {dagbag.py:348} ERROR - Failed to import: /opt/airflow/dags/du_mssql.py
Traceback (most recent call last):
  File "/home/airflow/.local/lib/python3.8/site-packages/airflow/models/dagbag.py", line 344, in parse
    loader.exec_module(new_module)
  File "<frozen importlib._bootstrap_external>", line 843, in exec_module
  File "<frozen importlib._bootstrap>", line 219, in _call_with_frames_removed
  File "/opt/airflow/dags/du_mssql.py", line 7, in <module>
    import duckdb
ModuleNotFoundError: No module named 'duckdb'
[2024-01-23T18:22:58.820+0000] {processor.py:842} WARNING - No viable dags retrieved from /opt/airflow/dags/du_mssql.py
[2024-01-23T18:22:58.852+0000] {processor.py:183} INFO - Processing /opt/airflow/dags/du_mssql.py took 0.054 seconds
[2024-01-23T18:23:29.436+0000] {processor.py:161} INFO - Started process (PID=329) to work on /opt/airflow/dags/du_mssql.py
[2024-01-23T18:23:29.438+0000] {processor.py:830} INFO - Processing file /opt/airflow/dags/du_mssql.py for tasks to queue
[2024-01-23T18:23:29.440+0000] {logging_mixin.py:188} INFO - [2024-01-23T18:23:29.439+0000] {dagbag.py:538} INFO - Filling up the DagBag from /opt/airflow/dags/du_mssql.py
[2024-01-23T18:23:29.451+0000] {logging_mixin.py:188} INFO - [2024-01-23T18:23:29.449+0000] {dagbag.py:348} ERROR - Failed to import: /opt/airflow/dags/du_mssql.py
Traceback (most recent call last):
  File "/home/airflow/.local/lib/python3.8/site-packages/airflow/models/dagbag.py", line 344, in parse
    loader.exec_module(new_module)
  File "<frozen importlib._bootstrap_external>", line 843, in exec_module
  File "<frozen importlib._bootstrap>", line 219, in _call_with_frames_removed
  File "/opt/airflow/dags/du_mssql.py", line 7, in <module>
    import duckdb
ModuleNotFoundError: No module named 'duckdb'
[2024-01-23T18:23:29.453+0000] {processor.py:842} WARNING - No viable dags retrieved from /opt/airflow/dags/du_mssql.py
[2024-01-23T18:23:29.480+0000] {processor.py:183} INFO - Processing /opt/airflow/dags/du_mssql.py took 0.049 seconds
[2024-01-23T18:24:00.157+0000] {processor.py:161} INFO - Started process (PID=360) to work on /opt/airflow/dags/du_mssql.py
[2024-01-23T18:24:00.159+0000] {processor.py:830} INFO - Processing file /opt/airflow/dags/du_mssql.py for tasks to queue
[2024-01-23T18:24:00.161+0000] {logging_mixin.py:188} INFO - [2024-01-23T18:24:00.160+0000] {dagbag.py:538} INFO - Filling up the DagBag from /opt/airflow/dags/du_mssql.py
[2024-01-23T18:24:00.172+0000] {logging_mixin.py:188} INFO - [2024-01-23T18:24:00.170+0000] {dagbag.py:348} ERROR - Failed to import: /opt/airflow/dags/du_mssql.py
Traceback (most recent call last):
  File "/home/airflow/.local/lib/python3.8/site-packages/airflow/models/dagbag.py", line 344, in parse
    loader.exec_module(new_module)
  File "<frozen importlib._bootstrap_external>", line 843, in exec_module
  File "<frozen importlib._bootstrap>", line 219, in _call_with_frames_removed
  File "/opt/airflow/dags/du_mssql.py", line 7, in <module>
    import duckdb
ModuleNotFoundError: No module named 'duckdb'
[2024-01-23T18:24:00.173+0000] {processor.py:842} WARNING - No viable dags retrieved from /opt/airflow/dags/du_mssql.py
[2024-01-23T18:24:00.185+0000] {processor.py:183} INFO - Processing /opt/airflow/dags/du_mssql.py took 0.055 seconds
[2024-01-23T18:24:30.764+0000] {processor.py:161} INFO - Started process (PID=391) to work on /opt/airflow/dags/du_mssql.py
[2024-01-23T18:24:30.767+0000] {processor.py:830} INFO - Processing file /opt/airflow/dags/du_mssql.py for tasks to queue
[2024-01-23T18:24:30.769+0000] {logging_mixin.py:188} INFO - [2024-01-23T18:24:30.769+0000] {dagbag.py:538} INFO - Filling up the DagBag from /opt/airflow/dags/du_mssql.py
[2024-01-23T18:24:30.779+0000] {logging_mixin.py:188} INFO - [2024-01-23T18:24:30.777+0000] {dagbag.py:348} ERROR - Failed to import: /opt/airflow/dags/du_mssql.py
Traceback (most recent call last):
  File "/home/airflow/.local/lib/python3.8/site-packages/airflow/models/dagbag.py", line 344, in parse
    loader.exec_module(new_module)
  File "<frozen importlib._bootstrap_external>", line 843, in exec_module
  File "<frozen importlib._bootstrap>", line 219, in _call_with_frames_removed
  File "/opt/airflow/dags/du_mssql.py", line 7, in <module>
    import duckdb
ModuleNotFoundError: No module named 'duckdb'
[2024-01-23T18:24:30.781+0000] {processor.py:842} WARNING - No viable dags retrieved from /opt/airflow/dags/du_mssql.py
[2024-01-23T18:24:30.809+0000] {processor.py:183} INFO - Processing /opt/airflow/dags/du_mssql.py took 0.049 seconds
[2024-01-23T18:25:01.374+0000] {processor.py:161} INFO - Started process (PID=422) to work on /opt/airflow/dags/du_mssql.py
[2024-01-23T18:25:01.377+0000] {processor.py:830} INFO - Processing file /opt/airflow/dags/du_mssql.py for tasks to queue
[2024-01-23T18:25:01.378+0000] {logging_mixin.py:188} INFO - [2024-01-23T18:25:01.378+0000] {dagbag.py:538} INFO - Filling up the DagBag from /opt/airflow/dags/du_mssql.py
[2024-01-23T18:25:01.388+0000] {logging_mixin.py:188} INFO - [2024-01-23T18:25:01.386+0000] {dagbag.py:348} ERROR - Failed to import: /opt/airflow/dags/du_mssql.py
Traceback (most recent call last):
  File "/home/airflow/.local/lib/python3.8/site-packages/airflow/models/dagbag.py", line 344, in parse
    loader.exec_module(new_module)
  File "<frozen importlib._bootstrap_external>", line 843, in exec_module
  File "<frozen importlib._bootstrap>", line 219, in _call_with_frames_removed
  File "/opt/airflow/dags/du_mssql.py", line 7, in <module>
    import duckdb
ModuleNotFoundError: No module named 'duckdb'
[2024-01-23T18:25:01.390+0000] {processor.py:842} WARNING - No viable dags retrieved from /opt/airflow/dags/du_mssql.py
[2024-01-23T18:25:01.417+0000] {processor.py:183} INFO - Processing /opt/airflow/dags/du_mssql.py took 0.048 seconds
